<?xml version="1.0" encoding="UTF-8"?>
<testsuite name="StockBasketTest" tests="4" skipped="0" failures="0" errors="0" timestamp="2024-11-13T09:36:20" hostname="DESKTOP-U8H0PQ7" time="0.782">
  <properties/>
  <testcase name="testAddingExistingItem()" classname="StockBasketTest" time="0.755"/>
  <testcase name="testAddingItemBeginsAndCommitsTransaction()" classname="StockBasketTest" time="0.016"/>
  <testcase name="testAddingItemWithNegativeQuantity()" classname="StockBasketTest" time="0.005"/>
  <testcase name="testAddingNewItem()" classname="StockBasketTest" time="0.002"/>
  <system-out><![CDATA[]]></system-out>
  <system-err><![CDATA[]]></system-err>
</testsuite>
