<?xml version="1.0" encoding="UTF-8"?>
<testsuite name="StockBasketTest" tests="1" skipped="0" failures="0" errors="0" timestamp="2024-10-28T20:45:32" hostname="DESKTOP-PPQ2JI1" time="0.545">
  <properties/>
  <testcase name="testAddingItemBeginsAndCommitsTransaction()" classname="StockBasketTest" time="0.545"/>
  <system-out><![CDATA[]]></system-out>
  <system-err><![CDATA[]]></system-err>
</testsuite>
